<?xml version="1.0" encoding="UTF-8"?>
<testsuite xmlns:xsi="http://www.w3.org/2001/XMLSchema-instance" xsi:noNamespaceSchemaLocation="https://maven.apache.org/surefire/maven-surefire-plugin/xsd/surefire-test-report.xsd" name="TestSuite" time="0.33" tests="15" errors="0" skipped="0" failures="0">
  <properties>
    <property name="java.specification.version" value="16"/>
    <property name="sun.jnu.encoding" value="UTF-8"/>
    <property name="java.class.path" value="/Users/reshmivijayakumaran/Downloads/SELENIUM/Project/FoodOrder/target/test-classes:/Users/reshmivijayakumaran/Downloads/SELENIUM/Project/FoodOrder/target/classes:/Users/reshmivijayakumaran/.m2/repository/junit/junit/4.11/junit-4.11.jar:/Users/reshmivijayakumaran/.m2/repository/org/hamcrest/hamcrest-core/1.3/hamcrest-core-1.3.jar:/Users/reshmivijayakumaran/.m2/repository/org/testng/testng/7.4.0/testng-7.4.0.jar:/Users/reshmivijayakumaran/.m2/repository/com/beust/jcommander/1.78/jcommander-1.78.jar:/Users/reshmivijayakumaran/.m2/repository/org/webjars/jquery/3.5.1/jquery-3.5.1.jar:"/>
    <property name="java.vm.vendor" value="Oracle Corporation"/>
    <property name="sun.arch.data.model" value="64"/>
    <property name="java.vendor.url" value="https://java.oracle.com/"/>
    <property name="os.name" value="Mac OS X"/>
    <property name="java.vm.specification.version" value="16"/>
    <property name="sun.java.launcher" value="SUN_STANDARD"/>
    <property name="user.country" value="US"/>
    <property name="sun.boot.library.path" value="/Applications/Eclipse.app/Contents/Eclipse/plugins/org.eclipse.justj.openjdk.hotspot.jre.full.macosx.x86_64_16.0.1.v20210528-1205/jre/lib"/>
    <property name="sun.java.command" value="/Users/reshmivijayakumaran/Downloads/SELENIUM/Project/FoodOrder/target/surefire/surefirebooter5121606595002939149.jar /Users/reshmivijayakumaran/Downloads/SELENIUM/Project/FoodOrder/target/surefire 2021-08-23T22-11-37_063-jvmRun1 surefire11460471548716009354tmp surefire_011996323963467295111tmp"/>
    <property name="http.nonProxyHosts" value="local|*.local|169.254/16|*.169.254/16"/>
    <property name="jdk.debug" value="release"/>
    <property name="surefire.test.class.path" value="/Users/reshmivijayakumaran/Downloads/SELENIUM/Project/FoodOrder/target/test-classes:/Users/reshmivijayakumaran/Downloads/SELENIUM/Project/FoodOrder/target/classes:/Users/reshmivijayakumaran/.m2/repository/junit/junit/4.11/junit-4.11.jar:/Users/reshmivijayakumaran/.m2/repository/org/hamcrest/hamcrest-core/1.3/hamcrest-core-1.3.jar:/Users/reshmivijayakumaran/.m2/repository/org/testng/testng/7.4.0/testng-7.4.0.jar:/Users/reshmivijayakumaran/.m2/repository/com/beust/jcommander/1.78/jcommander-1.78.jar:/Users/reshmivijayakumaran/.m2/repository/org/webjars/jquery/3.5.1/jquery-3.5.1.jar:"/>
    <property name="sun.cpu.endian" value="little"/>
    <property name="user.home" value="/Users/reshmivijayakumaran"/>
    <property name="user.language" value="en"/>
    <property name="java.specification.vendor" value="Oracle Corporation"/>
    <property name="java.version.date" value="2021-04-20"/>
    <property name="java.home" value="/Applications/Eclipse.app/Contents/Eclipse/plugins/org.eclipse.justj.openjdk.hotspot.jre.full.macosx.x86_64_16.0.1.v20210528-1205/jre"/>
    <property name="file.separator" value="/"/>
    <property name="basedir" value="/Users/reshmivijayakumaran/Downloads/SELENIUM/Project/FoodOrder"/>
    <property name="java.vm.compressedOopsMode" value="Zero based"/>
    <property name="line.separator" value="&#10;"/>
    <property name="java.specification.name" value="Java Platform API Specification"/>
    <property name="java.vm.specification.vendor" value="Oracle Corporation"/>
    <property name="surefire.real.class.path" value="/Users/reshmivijayakumaran/Downloads/SELENIUM/Project/FoodOrder/target/surefire/surefirebooter5121606595002939149.jar"/>
    <property name="sun.management.compiler" value="HotSpot 64-Bit Tiered Compilers"/>
    <property name="ftp.nonProxyHosts" value="local|*.local|169.254/16|*.169.254/16"/>
    <property name="java.runtime.version" value="16.0.1+9-24"/>
    <property name="user.name" value="reshmivijayakumaran"/>
    <property name="path.separator" value=":"/>
    <property name="os.version" value="10.14.6"/>
    <property name="java.runtime.name" value="OpenJDK Runtime Environment"/>
    <property name="file.encoding" value="UTF-8"/>
    <property name="java.vm.name" value="OpenJDK 64-Bit Server VM"/>
    <property name="localRepository" value="/Users/reshmivijayakumaran/.m2/repository"/>
    <property name="java.vendor.url.bug" value="https://bugreport.java.com/bugreport/"/>
    <property name="java.io.tmpdir" value="/var/folders/5z/5rrjlkps0kd0y5k1kw9tmmd40000gp/T/"/>
    <property name="java.version" value="16.0.1"/>
    <property name="user.dir" value="/Users/reshmivijayakumaran/Downloads/SELENIUM/Project/FoodOrder"/>
    <property name="os.arch" value="x86_64"/>
    <property name="java.vm.specification.name" value="Java Virtual Machine Specification"/>
    <property name="java.library.path" value="/Users/reshmivijayakumaran/Library/Java/Extensions:/Library/Java/Extensions:/Network/Library/Java/Extensions:/System/Library/Java/Extensions:/usr/lib/java:."/>
    <property name="java.vm.info" value="mixed mode"/>
    <property name="java.vendor" value="Oracle Corporation"/>
    <property name="java.vm.version" value="16.0.1+9-24"/>
    <property name="sun.io.unicode.encoding" value="UnicodeBig"/>
    <property name="socksNonProxyHosts" value="local|*.local|169.254/16|*.169.254/16"/>
    <property name="java.class.version" value="60.0"/>
  </properties>
  <testcase name="verifyCalculation" classname="XYZDogShelter.FoodOrder.PositiveTest" time="0.009"/>
  <testcase name="verifyCalculation" classname="XYZDogShelter.FoodOrder.PositiveTest" time="0"/>
  <testcase name="verifyCalculation" classname="XYZDogShelter.FoodOrder.PositiveTest" time="0.001"/>
  <testcase name="verifyCalculation" classname="XYZDogShelter.FoodOrder.PositiveTest" time="0.002"/>
  <testcase name="verifyCalculation" classname="XYZDogShelter.FoodOrder.PositiveTest" time="0"/>
  <testcase name="verifyExtraPCT" classname="XYZDogShelter.FoodOrder.PositiveTest" time="0"/>
  <testcase name="verifyTotalDogs" classname="XYZDogShelter.FoodOrder.PositiveTest" time="0"/>
  <testcase name="verifyTotalDogs" classname="XYZDogShelter.FoodOrder.PositiveTest" time="0"/>
  <testcase name="verifyTotalDogs" classname="XYZDogShelter.FoodOrder.PositiveTest" time="0"/>
  <testcase name="verifyTotalDogs" classname="XYZDogShelter.FoodOrder.PositiveTest" time="0.001"/>
  <testcase name="verifyTotalDogs" classname="XYZDogShelter.FoodOrder.PositiveTest" time="0"/>
  <testcase name="testQuantity" classname="XYZDogShelter.FoodOrder.UnitTest" time="0.001"/>
  <testcase name="testSum" classname="XYZDogShelter.FoodOrder.UnitTest" time="0"/>
  <testcase name="verifyInput" classname="XYZDogShelter.FoodOrder.NegativeTest" time="0"/>
  <testcase name="verifyInput" classname="XYZDogShelter.FoodOrder.NegativeTest" time="0"/>
</testsuite>