<?xml version="1.0" encoding="UTF-8"?>
<!-- Generated by org.testng.reporters.JUnitReportReporter -->
<testsuite hostname="Reshmis-MBP.hsd1.co.comcast.net" failures="0" tests="2" name="XYZDogShelter.FoodOrder.UnitTest" time="0.012" errors="0" timestamp="2021-08-23T19:35:42 MDT" skipped="0">
  <testcase classname="XYZDogShelter.FoodOrder.UnitTest" name="testSum" time="0.001"/>
  <system-out/>
  <testcase classname="XYZDogShelter.FoodOrder.UnitTest" name="testQuantity" time="0.011"/>
  <system-out/>
</testsuite> <!-- XYZDogShelter.FoodOrder.UnitTest -->
