<?xml version="1.0" encoding="UTF-8"?>
<!-- Generated by org.testng.reporters.JUnitReportReporter -->
<testsuite hostname="Reshmis-MBP.hsd1.co.comcast.net" failures="0" tests="16" name="XYZDogShelter.FoodOrder.PositiveTest" time="0.025" errors="0" timestamp="2021-08-23T19:40:24 MDT" skipped="0">
  <testcase classname="XYZDogShelter.FoodOrder.PositiveTest" name="verifyInput" time="0.001"/>
  <system-out/>
  <testcase classname="XYZDogShelter.FoodOrder.PositiveTest" name="verifyCalculation" time="0.001"/>
  <system-out/>
  <testcase classname="XYZDogShelter.FoodOrder.PositiveTest" name="verifyTotalDogs" time="0.000"/>
  <system-out/>
  <testcase classname="XYZDogShelter.FoodOrder.PositiveTest" name="verifyInput" time="0.001"/>
  <system-out/>
  <testcase classname="XYZDogShelter.FoodOrder.PositiveTest" name="verifyInput" time="0.001"/>
  <system-out/>
  <testcase classname="XYZDogShelter.FoodOrder.PositiveTest" name="verifyTotalDogs" time="0.000"/>
  <system-out/>
  <testcase classname="XYZDogShelter.FoodOrder.PositiveTest" name="verifyTotalDogs" time="0.000"/>
  <system-out/>
  <testcase classname="XYZDogShelter.FoodOrder.PositiveTest" name="verifyCalculation" time="0.012"/>
  <system-out/>
  <testcase classname="XYZDogShelter.FoodOrder.PositiveTest" name="verifyInput" time="0.000"/>
  <system-out/>
  <testcase classname="XYZDogShelter.FoodOrder.PositiveTest" name="verifyCalculation" time="0.002"/>
  <system-out/>
  <testcase classname="XYZDogShelter.FoodOrder.PositiveTest" name="verifyTotalDogs" time="0.001"/>
  <system-out/>
  <testcase classname="XYZDogShelter.FoodOrder.PositiveTest" name="verifyCalculation" time="0.002"/>
  <system-out/>
  <testcase classname="XYZDogShelter.FoodOrder.PositiveTest" name="verifyTotalDogs" time="0.001"/>
  <system-out/>
  <testcase classname="XYZDogShelter.FoodOrder.PositiveTest" name="verifyInput" time="0.001"/>
  <system-out/>
  <testcase classname="XYZDogShelter.FoodOrder.PositiveTest" name="verifyCalculation" time="0.001"/>
  <system-out/>
  <testcase classname="XYZDogShelter.FoodOrder.PositiveTest" name="verifyExtraPCT" time="0.001"/>
  <system-out/>
</testsuite> <!-- XYZDogShelter.FoodOrder.PositiveTest -->
