<?xml version="1.0" encoding="UTF-8"?>
<!-- Generated by org.testng.reporters.JUnitReportReporter -->
<testsuite hostname="Reshmis-MacBook-Pro.local" failures="0" tests="11" name="XYZDogShelter.FoodOrder.PositiveTest" time="0.009" errors="0" timestamp="2021-08-23T22:11:37 MDT" skipped="0">
  <testcase classname="XYZDogShelter.FoodOrder.PositiveTest" name="verifyTotalDogs" time="0.000"/>
  <system-out/>
  <testcase classname="XYZDogShelter.FoodOrder.PositiveTest" name="verifyCalculation" time="0.001"/>
  <system-out/>
  <testcase classname="XYZDogShelter.FoodOrder.PositiveTest" name="verifyCalculation" time="0.000"/>
  <system-out/>
  <testcase classname="XYZDogShelter.FoodOrder.PositiveTest" name="verifyCalculation" time="0.008"/>
  <system-out/>
  <testcase classname="XYZDogShelter.FoodOrder.PositiveTest" name="verifyTotalDogs" time="0.000"/>
  <system-out/>
  <testcase classname="XYZDogShelter.FoodOrder.PositiveTest" name="verifyTotalDogs" time="0.000"/>
  <system-out/>
  <testcase classname="XYZDogShelter.FoodOrder.PositiveTest" name="verifyExtraPCT" time="0.000"/>
  <system-out/>
  <testcase classname="XYZDogShelter.FoodOrder.PositiveTest" name="verifyTotalDogs" time="0.000"/>
  <system-out/>
  <testcase classname="XYZDogShelter.FoodOrder.PositiveTest" name="verifyTotalDogs" time="0.000"/>
  <system-out/>
  <testcase classname="XYZDogShelter.FoodOrder.PositiveTest" name="verifyCalculation" time="0.000"/>
  <system-out/>
  <testcase classname="XYZDogShelter.FoodOrder.PositiveTest" name="verifyCalculation" time="0.000"/>
  <system-out/>
</testsuite> <!-- XYZDogShelter.FoodOrder.PositiveTest -->
