<?xml version="1.0" encoding="UTF-8"?>
<!-- Generated by org.testng.reporters.JUnitReportReporter -->
<testsuite hostname="Reshmis-MacBook-Pro.local" failures="0" tests="2" name="XYZDogShelter.FoodOrder.UnitTest" time="0.000" errors="0" timestamp="2021-08-23T22:11:37 MDT" skipped="0">
  <testcase classname="XYZDogShelter.FoodOrder.UnitTest" name="testSum" time="0.000"/>
  <system-out/>
  <testcase classname="XYZDogShelter.FoodOrder.UnitTest" name="testQuantity" time="0.000"/>
  <system-out/>
</testsuite> <!-- XYZDogShelter.FoodOrder.UnitTest -->
