<?xml version="1.0" encoding="UTF-8"?>
<!-- Generated by org.testng.reporters.JUnitReportReporter -->
<testsuite hostname="Reshmis-MacBook-Pro.local" failures="0" tests="2" name="XYZDogShelter.FoodOrder.NegativeTest" time="0.001" errors="0" timestamp="2021-08-23T22:11:37 MDT" skipped="0">
  <testcase classname="XYZDogShelter.FoodOrder.NegativeTest" name="verifyInput" time="0.001"/>
  <system-out/>
  <testcase classname="XYZDogShelter.FoodOrder.NegativeTest" name="verifyInput" time="0.000"/>
  <system-out/>
</testsuite> <!-- XYZDogShelter.FoodOrder.NegativeTest -->
